[2026-02-26 18:32:51] SIMULADO Id=1 to=573133638032 nombre=diana
[2026-02-26 18:32:51] SIMULADO Id=2 to=573046656675 nombre=jose
[2026-02-26 18:32:51] OMITIDO Id=3 telefono_invalido=333
[2026-02-26 18:32:51] SIMULADO Id=4 to=573112968257 nombre=Uberly
[2026-02-26 18:32:51] SIMULADO Id=5 to=573123813324 nombre=LUNA MARIA
[2026-02-26 18:32:51] SIMULADO Id=6 to=573103633531 nombre=Duby
[2026-02-26 18:32:51] SIMULADO Id=7 to=573203768676 nombre=YINEDT
[2026-02-26 18:32:51] SIMULADO Id=8 to=573219579277 nombre=DANIEL ANTONIO
[2026-02-26 18:32:51] SIMULADO Id=9 to=573242382219 nombre=DORFY ALEJANDRA
[2026-02-26 18:32:51] SIMULADO Id=10 to=573213243266 nombre=DANIEL
[2026-02-26 18:32:51] SIMULADO Id=11 to=573203127798 nombre=JESUS
[2026-02-26 18:32:51] SIMULADO Id=12 to=573105564327 nombre=ADRIANA
[2026-02-26 18:32:51] SIMULADO Id=13 to=573105564327 nombre=LUIS HUMBERTO
[2026-02-26 18:32:51] SIMULADO Id=14 to=573195780691 nombre=MARIA NUBIA
[2026-02-26 18:32:51] SIMULADO Id=15 to=573134327249 nombre=Adelina
[2026-02-26 18:32:51] SIMULADO Id=16 to=573173612459 nombre=LUZ MARINA
[2026-02-26 18:32:51] SIMULADO Id=17 to=573224472651 nombre=Laura
[2026-02-26 18:32:51] SIMULADO Id=18 to=573003516912 nombre=Andrés camilo
[2026-02-26 18:32:51] SIMULADO Id=19 to=573115683306 nombre=ANDREA
[2026-02-26 18:32:51] SIMULADO Id=20 to=573112617898 nombre=YOLANDA
